[debug] [2021-03-12T10:42:47.440Z] ----------------------------------------------------------------------
[debug] [2021-03-12T10:42:47.443Z] Command:       C:\Program Files\nodejs\node.exe C:\Users\imlak\AppData\Roaming\npm\node_modules\firebase-tools\lib\bin\firebase.js emulators:start
[debug] [2021-03-12T10:42:47.443Z] CLI Version:   9.2.1
[debug] [2021-03-12T10:42:47.443Z] Platform:      win32
[debug] [2021-03-12T10:42:47.443Z] Node Version:  v12.18.4
[debug] [2021-03-12T10:42:47.444Z] Time:          Fri Mar 12 2021 16:12:47 GMT+0530 (India Standard Time)
[debug] [2021-03-12T10:42:47.445Z] ----------------------------------------------------------------------
[debug] [2021-03-12T10:42:47.445Z] 
[debug] [2021-03-12T10:42:47.453Z] > command requires scopes: ["email","openid","https://www.googleapis.com/auth/cloudplatformprojects.readonly","https://www.googleapis.com/auth/firebase","https://www.googleapis.com/auth/cloud-platform"]
[debug] [2021-03-12T10:42:47.454Z] > authorizing via signed-in user
[info] i  emulators: Starting emulators: functions, hosting {"metadata":{"emulator":{"name":"hub"},"message":"Starting emulators: functions, hosting"}}
[debug] [2021-03-12T10:42:49.511Z] [hub] writing locator at C:\Users\imlak\AppData\Local\Temp\hub-clone-922b1.json
[warn] !  functions: The following emulators are not running, calls to these services from the Functions emulator will affect production: auth, firestore, database, pubsub {"metadata":{"emulator":{"name":"functions"},"message":"The following emulators are not running, calls to these services from the Functions emulator will affect production: \u001b[1mauth, firestore, database, pubsub\u001b[22m"}}
[info] i  emulators: Shutting down emulators. {"metadata":{"emulator":{"name":"hub"},"message":"Shutting down emulators."}}
[info] i  functions: Stopping Functions Emulator {"metadata":{"emulator":{"name":"functions"},"message":"Stopping Functions Emulator"}}
[info] i  hub: Stopping emulator hub {"metadata":{"emulator":{"name":"hub"},"message":"Stopping emulator hub"}}
[debug] [2021-03-12T10:42:51.820Z] SyntaxError: C:\Users\imlak\amazon-clone\functions\package.json: Unexpected token / in JSON at position 93
    at parse (<anonymous>)
    at Object.Module._extensions..json (internal/modules/cjs/loader.js:1171:22)
    at Module.load (internal/modules/cjs/loader.js:985:32)
    at Function.Module._load (internal/modules/cjs/loader.js:878:14)
    at Module.require (internal/modules/cjs/loader.js:1025:19)
    at require (internal/modules/cjs/helpers.js:72:18)
    at FunctionsEmulator.askInstallNodeVersion (C:\Users\imlak\AppData\Roaming\npm\node_modules\firebase-tools\lib\emulator\functionsEmulator.js:430:21)
    at FunctionsEmulator.start (C:\Users\imlak\AppData\Roaming\npm\node_modules\firebase-tools\lib\emulator\functionsEmulator.js:155:32)
    at Function.start (C:\Users\imlak\AppData\Roaming\npm\node_modules\firebase-tools\lib\emulator\registry.js:16:24)
    at startEmulator (C:\Users\imlak\AppData\Roaming\npm\node_modules\firebase-tools\lib\emulator\controller.js:87:39)
    at Object.startAll (C:\Users\imlak\AppData\Roaming\npm\node_modules\firebase-tools\lib\emulator\controller.js:252:15)
    at processTicksAndRejections (internal/process/task_queues.js:97:5)
    at async Command.actionFn (C:\Users\imlak\AppData\Roaming\npm\node_modules\firebase-tools\lib\commands\emulators-start.js:26:9)
[error] 
[error] Error: An unexpected error has occurred.
